CRITICAL - 2024-06-08 21:41:38 --> Error: Class "CodeIgniter\Database\pgsql\Connection" not found
[Method: CLI, Route: migrate]
in SYSTEMPATH\Database\Database.php on line 139.
 1 SYSTEMPATH\Database\Database.php(57): CodeIgniter\Database\Database->initDriver('pgsql', 'Connection', [...])
 2 SYSTEMPATH\Database\Config.php(84): CodeIgniter\Database\Database->load([...], 'default')
 3 SYSTEMPATH\Common.php(360): CodeIgniter\Database\Config::connect('default', true)
 4 SYSTEMPATH\Database\MigrationRunner.php(146): db_connect(null)
 5 SYSTEMPATH\Config\Services.php(419): CodeIgniter\Database\MigrationRunner->__construct(Object(Config\Migrations), null)
 6 SYSTEMPATH\Config\BaseService.php(311): CodeIgniter\Config\Services::migrations(Object(Config\Migrations), null, false)
 7 SYSTEMPATH\Config\BaseService.php(250): CodeIgniter\Config\BaseService::__callStatic('migrations', [...])
 8 SYSTEMPATH\Config\Services.php(414): CodeIgniter\Config\BaseService::getSharedInstance('migrations', null, null)
 9 SYSTEMPATH\Config\BaseService.php(320): CodeIgniter\Config\Services::migrations()
10 SYSTEMPATH\Config\BaseService.php(201): CodeIgniter\Config\BaseService::__callStatic('migrations', [])
11 SYSTEMPATH\Common.php(998): CodeIgniter\Config\BaseService::get('migrations')
12 SYSTEMPATH\Commands\Database\Migrate.php(70): service('migrations')
13 SYSTEMPATH\CLI\Commands.php(70): CodeIgniter\Commands\Database\Migrate->run([])
14 SYSTEMPATH\CLI\Console.php(48): CodeIgniter\CLI\Commands->run('migrate', [])
15 SYSTEMPATH\Boot.php(338): CodeIgniter\CLI\Console->run()
16 SYSTEMPATH\Boot.php(104): CodeIgniter\Boot::runCommand(Object(CodeIgniter\CLI\Console))
17 ROOTPATH\spark(84): CodeIgniter\Boot::bootSpark(Object(Config\Paths))
CRITICAL - 2024-06-08 21:42:08 --> Error: Class "CodeIgniter\Database\pgsql\Connection" not found
[Method: CLI, Route: migrate]
in SYSTEMPATH\Database\Database.php on line 139.
 1 SYSTEMPATH\Database\Database.php(57): CodeIgniter\Database\Database->initDriver('pgsql', 'Connection', [...])
 2 SYSTEMPATH\Database\Config.php(84): CodeIgniter\Database\Database->load([...], 'default')
 3 SYSTEMPATH\Common.php(360): CodeIgniter\Database\Config::connect('default', true)
 4 SYSTEMPATH\Database\MigrationRunner.php(146): db_connect(null)
 5 SYSTEMPATH\Config\Services.php(419): CodeIgniter\Database\MigrationRunner->__construct(Object(Config\Migrations), null)
 6 SYSTEMPATH\Config\BaseService.php(311): CodeIgniter\Config\Services::migrations(Object(Config\Migrations), null, false)
 7 SYSTEMPATH\Config\BaseService.php(250): CodeIgniter\Config\BaseService::__callStatic('migrations', [...])
 8 SYSTEMPATH\Config\Services.php(414): CodeIgniter\Config\BaseService::getSharedInstance('migrations', null, null)
 9 SYSTEMPATH\Config\BaseService.php(320): CodeIgniter\Config\Services::migrations()
10 SYSTEMPATH\Config\BaseService.php(201): CodeIgniter\Config\BaseService::__callStatic('migrations', [])
11 SYSTEMPATH\Common.php(998): CodeIgniter\Config\BaseService::get('migrations')
12 SYSTEMPATH\Commands\Database\Migrate.php(70): service('migrations')
13 SYSTEMPATH\CLI\Commands.php(70): CodeIgniter\Commands\Database\Migrate->run([])
14 SYSTEMPATH\CLI\Console.php(48): CodeIgniter\CLI\Commands->run('migrate', [])
15 SYSTEMPATH\Boot.php(338): CodeIgniter\CLI\Console->run()
16 SYSTEMPATH\Boot.php(104): CodeIgniter\Boot::runCommand(Object(CodeIgniter\CLI\Console))
17 ROOTPATH\spark(84): CodeIgniter\Boot::bootSpark(Object(Config\Paths))
ERROR - 2024-06-08 21:43:17 --> Error connecting to the database: ErrorException: pg_connect(): Unable to connect to PostgreSQL server: could not translate host name "locahost" to address: Unknown host in C:\Users\Indatech\Desktop\Alex\diplomado\proyecto\backend-proyecto\system\Database\Postgre\Connection.php:78
Stack trace:
#0 [internal function]: CodeIgniter\Debug\Exceptions->errorHandler(2, 'pg_connect(): U...', 'C:\\Users\\Indate...', 78)
#1 C:\Users\Indatech\Desktop\Alex\diplomado\proyecto\backend-proyecto\system\Database\Postgre\Connection.php(78): pg_connect('host=locahost p...')
#2 C:\Users\Indatech\Desktop\Alex\diplomado\proyecto\backend-proyecto\system\Database\BaseConnection.php(421): CodeIgniter\Database\Postgre\Connection->connect(false)
#3 C:\Users\Indatech\Desktop\Alex\diplomado\proyecto\backend-proyecto\system\Database\BaseConnection.php(604): CodeIgniter\Database\BaseConnection->initialize()
#4 C:\Users\Indatech\Desktop\Alex\diplomado\proyecto\backend-proyecto\system\Database\BaseConnection.php(1471): CodeIgniter\Database\BaseConnection->query('SELECT "table_n...')
#5 C:\Users\Indatech\Desktop\Alex\diplomado\proyecto\backend-proyecto\system\Database\BaseConnection.php(1490): CodeIgniter\Database\BaseConnection->listTables()
#6 C:\Users\Indatech\Desktop\Alex\diplomado\proyecto\backend-proyecto\system\Database\MigrationRunner.php(759): CodeIgniter\Database\BaseConnection->tableExists('migrations')
#7 C:\Users\Indatech\Desktop\Alex\diplomado\proyecto\backend-proyecto\system\Database\MigrationRunner.php(163): CodeIgniter\Database\MigrationRunner->ensureTable()
#8 C:\Users\Indatech\Desktop\Alex\diplomado\proyecto\backend-proyecto\system\Commands\Database\Migrate.php(85): CodeIgniter\Database\MigrationRunner->latest(NULL)
#9 C:\Users\Indatech\Desktop\Alex\diplomado\proyecto\backend-proyecto\system\CLI\Commands.php(70): CodeIgniter\Commands\Database\Migrate->run(Array)
#10 C:\Users\Indatech\Desktop\Alex\diplomado\proyecto\backend-proyecto\system\CLI\Console.php(48): CodeIgniter\CLI\Commands->run('migrate', Array)
#11 C:\Users\Indatech\Desktop\Alex\diplomado\proyecto\backend-proyecto\system\Boot.php(338): CodeIgniter\CLI\Console->run()
#12 C:\Users\Indatech\Desktop\Alex\diplomado\proyecto\backend-proyecto\system\Boot.php(104): CodeIgniter\Boot::runCommand(Object(CodeIgniter\CLI\Console))
#13 C:\Users\Indatech\Desktop\Alex\diplomado\proyecto\backend-proyecto\spark(84): CodeIgniter\Boot::bootSpark(Object(Config\Paths))
#14 {main}
CRITICAL - 2024-06-08 21:43:34 --> InvalidArgumentException: You have not selected a database type to connect to.
[Method: CLI, Route: migrate]
in SYSTEMPATH\Database\Database.php on line 54.
 1 SYSTEMPATH\Database\Config.php(84): CodeIgniter\Database\Database->load([...], 'default')
 2 SYSTEMPATH\Common.php(360): CodeIgniter\Database\Config::connect('default', true)
 3 SYSTEMPATH\Database\MigrationRunner.php(146): db_connect(null)
 4 SYSTEMPATH\Config\Services.php(419): CodeIgniter\Database\MigrationRunner->__construct(Object(Config\Migrations), null)
 5 SYSTEMPATH\Config\BaseService.php(311): CodeIgniter\Config\Services::migrations(Object(Config\Migrations), null, false)
 6 SYSTEMPATH\Config\BaseService.php(250): CodeIgniter\Config\BaseService::__callStatic('migrations', [...])
 7 SYSTEMPATH\Config\Services.php(414): CodeIgniter\Config\BaseService::getSharedInstance('migrations', null, null)
 8 SYSTEMPATH\Config\BaseService.php(320): CodeIgniter\Config\Services::migrations()
 9 SYSTEMPATH\Config\BaseService.php(201): CodeIgniter\Config\BaseService::__callStatic('migrations', [])
10 SYSTEMPATH\Common.php(998): CodeIgniter\Config\BaseService::get('migrations')
11 SYSTEMPATH\Commands\Database\Migrate.php(70): service('migrations')
12 SYSTEMPATH\CLI\Commands.php(70): CodeIgniter\Commands\Database\Migrate->run([])
13 SYSTEMPATH\CLI\Console.php(48): CodeIgniter\CLI\Commands->run('migrate', [])
14 SYSTEMPATH\Boot.php(338): CodeIgniter\CLI\Console->run()
15 SYSTEMPATH\Boot.php(104): CodeIgniter\Boot::runCommand(Object(CodeIgniter\CLI\Console))
16 ROOTPATH\spark(84): CodeIgniter\Boot::bootSpark(Object(Config\Paths))
ERROR - 2024-06-08 21:44:29 --> Error connecting to the database: ErrorException: pg_connect(): Unable to connect to PostgreSQL server: FATAL:  la autentificación password falló para el usuario «root» in C:\Users\Indatech\Desktop\Alex\diplomado\proyecto\backend-proyecto\system\Database\Postgre\Connection.php:78
Stack trace:
#0 [internal function]: CodeIgniter\Debug\Exceptions->errorHandler(2, 'pg_connect(): U...', 'C:\\Users\\Indate...', 78)
#1 C:\Users\Indatech\Desktop\Alex\diplomado\proyecto\backend-proyecto\system\Database\Postgre\Connection.php(78): pg_connect('host=localhost ...')
#2 C:\Users\Indatech\Desktop\Alex\diplomado\proyecto\backend-proyecto\system\Database\BaseConnection.php(421): CodeIgniter\Database\Postgre\Connection->connect(false)
#3 C:\Users\Indatech\Desktop\Alex\diplomado\proyecto\backend-proyecto\system\Database\BaseConnection.php(604): CodeIgniter\Database\BaseConnection->initialize()
#4 C:\Users\Indatech\Desktop\Alex\diplomado\proyecto\backend-proyecto\system\Database\BaseConnection.php(1471): CodeIgniter\Database\BaseConnection->query('SELECT "table_n...')
#5 C:\Users\Indatech\Desktop\Alex\diplomado\proyecto\backend-proyecto\system\Database\BaseConnection.php(1490): CodeIgniter\Database\BaseConnection->listTables()
#6 C:\Users\Indatech\Desktop\Alex\diplomado\proyecto\backend-proyecto\system\Database\MigrationRunner.php(759): CodeIgniter\Database\BaseConnection->tableExists('migrations')
#7 C:\Users\Indatech\Desktop\Alex\diplomado\proyecto\backend-proyecto\system\Database\MigrationRunner.php(163): CodeIgniter\Database\MigrationRunner->ensureTable()
#8 C:\Users\Indatech\Desktop\Alex\diplomado\proyecto\backend-proyecto\system\Commands\Database\Migrate.php(85): CodeIgniter\Database\MigrationRunner->latest(NULL)
#9 C:\Users\Indatech\Desktop\Alex\diplomado\proyecto\backend-proyecto\system\CLI\Commands.php(70): CodeIgniter\Commands\Database\Migrate->run(Array)
#10 C:\Users\Indatech\Desktop\Alex\diplomado\proyecto\backend-proyecto\system\CLI\Console.php(48): CodeIgniter\CLI\Commands->run('migrate', Array)
#11 C:\Users\Indatech\Desktop\Alex\diplomado\proyecto\backend-proyecto\system\Boot.php(338): CodeIgniter\CLI\Console->run()
#12 C:\Users\Indatech\Desktop\Alex\diplomado\proyecto\backend-proyecto\system\Boot.php(104): CodeIgniter\Boot::runCommand(Object(CodeIgniter\CLI\Console))
#13 C:\Users\Indatech\Desktop\Alex\diplomado\proyecto\backend-proyecto\spark(84): CodeIgniter\Boot::bootSpark(Object(Config\Paths))
#14 {main}
