CRITICAL - 2024-06-13 22:03:52 --> TypeError: str_contains(): Argument #1 ($haystack) must be of type string, array given
[Method: POST, Route: api/v1/auth]
in SYSTEMPATH\Router\Router.php on line 482.
 1 SYSTEMPATH\Router\Router.php(482): str_contains([...], '::')
 2 SYSTEMPATH\Router\Router.php(209): CodeIgniter\Router\Router->checkRoutes('api/v1/auth')
 3 SYSTEMPATH\CodeIgniter.php(834): CodeIgniter\Router\Router->handle('api/v1/auth')
 4 SYSTEMPATH\CodeIgniter.php(457): CodeIgniter\CodeIgniter->tryToRouteIt(Object(CodeIgniter\Router\RouteCollection))
 5 SYSTEMPATH\CodeIgniter.php(355): CodeIgniter\CodeIgniter->handleRequest(null, Object(Config\Cache), false)
 6 SYSTEMPATH\Boot.php(312): CodeIgniter\CodeIgniter->run()
 7 SYSTEMPATH\Boot.php(67): CodeIgniter\Boot::runCodeIgniter(Object(CodeIgniter\CodeIgniter))
 8 FCPATH\index.php(56): CodeIgniter\Boot::bootWeb(Object(Config\Paths))
 9 SYSTEMPATH\Commands\Server\rewrite.php(49): require_once('C:\\Users\\Indatech\\Desktop\\Alex\\diplomado\\proyecto\\backend-proyecto\\public\\index.php')
CRITICAL - 2024-06-13 22:06:09 --> TypeError: str_contains(): Argument #1 ($haystack) must be of type string, array given
[Method: POST, Route: api/v1/auth]
in SYSTEMPATH\Router\Router.php on line 482.
 1 SYSTEMPATH\Router\Router.php(482): str_contains([...], '::')
 2 SYSTEMPATH\Router\Router.php(209): CodeIgniter\Router\Router->checkRoutes('api/v1/auth')
 3 SYSTEMPATH\CodeIgniter.php(834): CodeIgniter\Router\Router->handle('api/v1/auth')
 4 SYSTEMPATH\CodeIgniter.php(457): CodeIgniter\CodeIgniter->tryToRouteIt(Object(CodeIgniter\Router\RouteCollection))
 5 SYSTEMPATH\CodeIgniter.php(355): CodeIgniter\CodeIgniter->handleRequest(null, Object(Config\Cache), false)
 6 SYSTEMPATH\Boot.php(312): CodeIgniter\CodeIgniter->run()
 7 SYSTEMPATH\Boot.php(67): CodeIgniter\Boot::runCodeIgniter(Object(CodeIgniter\CodeIgniter))
 8 FCPATH\index.php(56): CodeIgniter\Boot::bootWeb(Object(Config\Paths))
 9 SYSTEMPATH\Commands\Server\rewrite.php(49): require_once('C:\\Users\\Indatech\\Desktop\\Alex\\diplomado\\proyecto\\backend-proyecto\\public\\index.php')
CRITICAL - 2024-06-13 22:06:49 --> TypeError: str_contains(): Argument #1 ($haystack) must be of type string, array given
[Method: POST, Route: api/v1/auth]
in SYSTEMPATH\Router\Router.php on line 482.
 1 SYSTEMPATH\Router\Router.php(482): str_contains([...], '::')
 2 SYSTEMPATH\Router\Router.php(209): CodeIgniter\Router\Router->checkRoutes('api/v1/auth')
 3 SYSTEMPATH\CodeIgniter.php(834): CodeIgniter\Router\Router->handle('api/v1/auth')
 4 SYSTEMPATH\CodeIgniter.php(457): CodeIgniter\CodeIgniter->tryToRouteIt(Object(CodeIgniter\Router\RouteCollection))
 5 SYSTEMPATH\CodeIgniter.php(355): CodeIgniter\CodeIgniter->handleRequest(null, Object(Config\Cache), false)
 6 SYSTEMPATH\Boot.php(312): CodeIgniter\CodeIgniter->run()
 7 SYSTEMPATH\Boot.php(67): CodeIgniter\Boot::runCodeIgniter(Object(CodeIgniter\CodeIgniter))
 8 FCPATH\index.php(56): CodeIgniter\Boot::bootWeb(Object(Config\Paths))
 9 SYSTEMPATH\Commands\Server\rewrite.php(49): require_once('C:\\Users\\Indatech\\Desktop\\Alex\\diplomado\\proyecto\\backend-proyecto\\public\\index.php')
CRITICAL - 2024-06-13 22:07:42 --> TypeError: str_contains(): Argument #1 ($haystack) must be of type string, array given
[Method: POST, Route: api/v1/auth]
in SYSTEMPATH\Router\Router.php on line 482.
 1 SYSTEMPATH\Router\Router.php(482): str_contains([...], '::')
 2 SYSTEMPATH\Router\Router.php(209): CodeIgniter\Router\Router->checkRoutes('api/v1/auth')
 3 SYSTEMPATH\CodeIgniter.php(834): CodeIgniter\Router\Router->handle('api/v1/auth')
 4 SYSTEMPATH\CodeIgniter.php(457): CodeIgniter\CodeIgniter->tryToRouteIt(Object(CodeIgniter\Router\RouteCollection))
 5 SYSTEMPATH\CodeIgniter.php(355): CodeIgniter\CodeIgniter->handleRequest(null, Object(Config\Cache), false)
 6 SYSTEMPATH\Boot.php(312): CodeIgniter\CodeIgniter->run()
 7 SYSTEMPATH\Boot.php(67): CodeIgniter\Boot::runCodeIgniter(Object(CodeIgniter\CodeIgniter))
 8 FCPATH\index.php(56): CodeIgniter\Boot::bootWeb(Object(Config\Paths))
 9 SYSTEMPATH\Commands\Server\rewrite.php(49): require_once('C:\\Users\\Indatech\\Desktop\\Alex\\diplomado\\proyecto\\backend-proyecto\\public\\index.php')
CRITICAL - 2024-06-13 22:07:50 --> TypeError: str_contains(): Argument #1 ($haystack) must be of type string, array given
[Method: POST, Route: api/v1/auth]
in SYSTEMPATH\Router\Router.php on line 482.
 1 SYSTEMPATH\Router\Router.php(482): str_contains([...], '::')
 2 SYSTEMPATH\Router\Router.php(209): CodeIgniter\Router\Router->checkRoutes('api/v1/auth')
 3 SYSTEMPATH\CodeIgniter.php(834): CodeIgniter\Router\Router->handle('api/v1/auth')
 4 SYSTEMPATH\CodeIgniter.php(457): CodeIgniter\CodeIgniter->tryToRouteIt(Object(CodeIgniter\Router\RouteCollection))
 5 SYSTEMPATH\CodeIgniter.php(355): CodeIgniter\CodeIgniter->handleRequest(null, Object(Config\Cache), false)
 6 SYSTEMPATH\Boot.php(312): CodeIgniter\CodeIgniter->run()
 7 SYSTEMPATH\Boot.php(67): CodeIgniter\Boot::runCodeIgniter(Object(CodeIgniter\CodeIgniter))
 8 FCPATH\index.php(56): CodeIgniter\Boot::bootWeb(Object(Config\Paths))
 9 SYSTEMPATH\Commands\Server\rewrite.php(49): require_once('C:\\Users\\Indatech\\Desktop\\Alex\\diplomado\\proyecto\\backend-proyecto\\public\\index.php')
CRITICAL - 2024-06-13 22:08:49 --> TypeError: str_contains(): Argument #1 ($haystack) must be of type string, array given
[Method: POST, Route: api/v1/auth]
in SYSTEMPATH\Router\Router.php on line 482.
 1 SYSTEMPATH\Router\Router.php(482): str_contains([...], '::')
 2 SYSTEMPATH\Router\Router.php(209): CodeIgniter\Router\Router->checkRoutes('api/v1/auth')
 3 SYSTEMPATH\CodeIgniter.php(834): CodeIgniter\Router\Router->handle('api/v1/auth')
 4 SYSTEMPATH\CodeIgniter.php(457): CodeIgniter\CodeIgniter->tryToRouteIt(Object(CodeIgniter\Router\RouteCollection))
 5 SYSTEMPATH\CodeIgniter.php(355): CodeIgniter\CodeIgniter->handleRequest(null, Object(Config\Cache), false)
 6 SYSTEMPATH\Boot.php(312): CodeIgniter\CodeIgniter->run()
 7 SYSTEMPATH\Boot.php(67): CodeIgniter\Boot::runCodeIgniter(Object(CodeIgniter\CodeIgniter))
 8 FCPATH\index.php(56): CodeIgniter\Boot::bootWeb(Object(Config\Paths))
 9 SYSTEMPATH\Commands\Server\rewrite.php(49): require_once('C:\\Users\\Indatech\\Desktop\\Alex\\diplomado\\proyecto\\backend-proyecto\\public\\index.php')
CRITICAL - 2024-06-13 22:09:10 --> TypeError: str_contains(): Argument #1 ($haystack) must be of type string, array given
[Method: POST, Route: api/v1/auth]
in SYSTEMPATH\Router\Router.php on line 482.
 1 SYSTEMPATH\Router\Router.php(482): str_contains([...], '::')
 2 SYSTEMPATH\Router\Router.php(209): CodeIgniter\Router\Router->checkRoutes('api/v1/auth')
 3 SYSTEMPATH\CodeIgniter.php(834): CodeIgniter\Router\Router->handle('api/v1/auth')
 4 SYSTEMPATH\CodeIgniter.php(457): CodeIgniter\CodeIgniter->tryToRouteIt(Object(CodeIgniter\Router\RouteCollection))
 5 SYSTEMPATH\CodeIgniter.php(355): CodeIgniter\CodeIgniter->handleRequest(null, Object(Config\Cache), false)
 6 SYSTEMPATH\Boot.php(312): CodeIgniter\CodeIgniter->run()
 7 SYSTEMPATH\Boot.php(67): CodeIgniter\Boot::runCodeIgniter(Object(CodeIgniter\CodeIgniter))
 8 FCPATH\index.php(56): CodeIgniter\Boot::bootWeb(Object(Config\Paths))
 9 SYSTEMPATH\Commands\Server\rewrite.php(49): require_once('C:\\Users\\Indatech\\Desktop\\Alex\\diplomado\\proyecto\\backend-proyecto\\public\\index.php')
CRITICAL - 2024-06-13 22:09:12 --> TypeError: str_contains(): Argument #1 ($haystack) must be of type string, array given
[Method: POST, Route: api/v1/auth]
in SYSTEMPATH\Router\Router.php on line 482.
 1 SYSTEMPATH\Router\Router.php(482): str_contains([...], '::')
 2 SYSTEMPATH\Router\Router.php(209): CodeIgniter\Router\Router->checkRoutes('api/v1/auth')
 3 SYSTEMPATH\CodeIgniter.php(834): CodeIgniter\Router\Router->handle('api/v1/auth')
 4 SYSTEMPATH\CodeIgniter.php(457): CodeIgniter\CodeIgniter->tryToRouteIt(Object(CodeIgniter\Router\RouteCollection))
 5 SYSTEMPATH\CodeIgniter.php(355): CodeIgniter\CodeIgniter->handleRequest(null, Object(Config\Cache), false)
 6 SYSTEMPATH\Boot.php(312): CodeIgniter\CodeIgniter->run()
 7 SYSTEMPATH\Boot.php(67): CodeIgniter\Boot::runCodeIgniter(Object(CodeIgniter\CodeIgniter))
 8 FCPATH\index.php(56): CodeIgniter\Boot::bootWeb(Object(Config\Paths))
 9 SYSTEMPATH\Commands\Server\rewrite.php(49): require_once('C:\\Users\\Indatech\\Desktop\\Alex\\diplomado\\proyecto\\backend-proyecto\\public\\index.php')
CRITICAL - 2024-06-13 22:09:13 --> TypeError: str_contains(): Argument #1 ($haystack) must be of type string, array given
[Method: POST, Route: api/v1/auth]
in SYSTEMPATH\Router\Router.php on line 482.
 1 SYSTEMPATH\Router\Router.php(482): str_contains([...], '::')
 2 SYSTEMPATH\Router\Router.php(209): CodeIgniter\Router\Router->checkRoutes('api/v1/auth')
 3 SYSTEMPATH\CodeIgniter.php(834): CodeIgniter\Router\Router->handle('api/v1/auth')
 4 SYSTEMPATH\CodeIgniter.php(457): CodeIgniter\CodeIgniter->tryToRouteIt(Object(CodeIgniter\Router\RouteCollection))
 5 SYSTEMPATH\CodeIgniter.php(355): CodeIgniter\CodeIgniter->handleRequest(null, Object(Config\Cache), false)
 6 SYSTEMPATH\Boot.php(312): CodeIgniter\CodeIgniter->run()
 7 SYSTEMPATH\Boot.php(67): CodeIgniter\Boot::runCodeIgniter(Object(CodeIgniter\CodeIgniter))
 8 FCPATH\index.php(56): CodeIgniter\Boot::bootWeb(Object(Config\Paths))
 9 SYSTEMPATH\Commands\Server\rewrite.php(49): require_once('C:\\Users\\Indatech\\Desktop\\Alex\\diplomado\\proyecto\\backend-proyecto\\public\\index.php')
CRITICAL - 2024-06-13 22:09:14 --> TypeError: str_contains(): Argument #1 ($haystack) must be of type string, array given
[Method: POST, Route: api/v1/auth]
in SYSTEMPATH\Router\Router.php on line 482.
 1 SYSTEMPATH\Router\Router.php(482): str_contains([...], '::')
 2 SYSTEMPATH\Router\Router.php(209): CodeIgniter\Router\Router->checkRoutes('api/v1/auth')
 3 SYSTEMPATH\CodeIgniter.php(834): CodeIgniter\Router\Router->handle('api/v1/auth')
 4 SYSTEMPATH\CodeIgniter.php(457): CodeIgniter\CodeIgniter->tryToRouteIt(Object(CodeIgniter\Router\RouteCollection))
 5 SYSTEMPATH\CodeIgniter.php(355): CodeIgniter\CodeIgniter->handleRequest(null, Object(Config\Cache), false)
 6 SYSTEMPATH\Boot.php(312): CodeIgniter\CodeIgniter->run()
 7 SYSTEMPATH\Boot.php(67): CodeIgniter\Boot::runCodeIgniter(Object(CodeIgniter\CodeIgniter))
 8 FCPATH\index.php(56): CodeIgniter\Boot::bootWeb(Object(Config\Paths))
 9 SYSTEMPATH\Commands\Server\rewrite.php(49): require_once('C:\\Users\\Indatech\\Desktop\\Alex\\diplomado\\proyecto\\backend-proyecto\\public\\index.php')
CRITICAL - 2024-06-13 22:09:15 --> TypeError: str_contains(): Argument #1 ($haystack) must be of type string, array given
[Method: POST, Route: api/v1/auth]
in SYSTEMPATH\Router\Router.php on line 482.
 1 SYSTEMPATH\Router\Router.php(482): str_contains([...], '::')
 2 SYSTEMPATH\Router\Router.php(209): CodeIgniter\Router\Router->checkRoutes('api/v1/auth')
 3 SYSTEMPATH\CodeIgniter.php(834): CodeIgniter\Router\Router->handle('api/v1/auth')
 4 SYSTEMPATH\CodeIgniter.php(457): CodeIgniter\CodeIgniter->tryToRouteIt(Object(CodeIgniter\Router\RouteCollection))
 5 SYSTEMPATH\CodeIgniter.php(355): CodeIgniter\CodeIgniter->handleRequest(null, Object(Config\Cache), false)
 6 SYSTEMPATH\Boot.php(312): CodeIgniter\CodeIgniter->run()
 7 SYSTEMPATH\Boot.php(67): CodeIgniter\Boot::runCodeIgniter(Object(CodeIgniter\CodeIgniter))
 8 FCPATH\index.php(56): CodeIgniter\Boot::bootWeb(Object(Config\Paths))
 9 SYSTEMPATH\Commands\Server\rewrite.php(49): require_once('C:\\Users\\Indatech\\Desktop\\Alex\\diplomado\\proyecto\\backend-proyecto\\public\\index.php')
CRITICAL - 2024-06-13 22:09:17 --> TypeError: str_contains(): Argument #1 ($haystack) must be of type string, array given
[Method: POST, Route: api/v1/auth]
in SYSTEMPATH\Router\Router.php on line 482.
 1 SYSTEMPATH\Router\Router.php(482): str_contains([...], '::')
 2 SYSTEMPATH\Router\Router.php(209): CodeIgniter\Router\Router->checkRoutes('api/v1/auth')
 3 SYSTEMPATH\CodeIgniter.php(834): CodeIgniter\Router\Router->handle('api/v1/auth')
 4 SYSTEMPATH\CodeIgniter.php(457): CodeIgniter\CodeIgniter->tryToRouteIt(Object(CodeIgniter\Router\RouteCollection))
 5 SYSTEMPATH\CodeIgniter.php(355): CodeIgniter\CodeIgniter->handleRequest(null, Object(Config\Cache), false)
 6 SYSTEMPATH\Boot.php(312): CodeIgniter\CodeIgniter->run()
 7 SYSTEMPATH\Boot.php(67): CodeIgniter\Boot::runCodeIgniter(Object(CodeIgniter\CodeIgniter))
 8 FCPATH\index.php(56): CodeIgniter\Boot::bootWeb(Object(Config\Paths))
 9 SYSTEMPATH\Commands\Server\rewrite.php(49): require_once('C:\\Users\\Indatech\\Desktop\\Alex\\diplomado\\proyecto\\backend-proyecto\\public\\index.php')
CRITICAL - 2024-06-13 22:09:29 --> TypeError: str_contains(): Argument #1 ($haystack) must be of type string, array given
[Method: POST, Route: api/v1/auth]
in SYSTEMPATH\Router\Router.php on line 482.
 1 SYSTEMPATH\Router\Router.php(482): str_contains([...], '::')
 2 SYSTEMPATH\Router\Router.php(209): CodeIgniter\Router\Router->checkRoutes('api/v1/auth')
 3 SYSTEMPATH\CodeIgniter.php(834): CodeIgniter\Router\Router->handle('api/v1/auth')
 4 SYSTEMPATH\CodeIgniter.php(457): CodeIgniter\CodeIgniter->tryToRouteIt(Object(CodeIgniter\Router\RouteCollection))
 5 SYSTEMPATH\CodeIgniter.php(355): CodeIgniter\CodeIgniter->handleRequest(null, Object(Config\Cache), false)
 6 SYSTEMPATH\Boot.php(312): CodeIgniter\CodeIgniter->run()
 7 SYSTEMPATH\Boot.php(67): CodeIgniter\Boot::runCodeIgniter(Object(CodeIgniter\CodeIgniter))
 8 FCPATH\index.php(56): CodeIgniter\Boot::bootWeb(Object(Config\Paths))
 9 SYSTEMPATH\Commands\Server\rewrite.php(49): require_once('C:\\Users\\Indatech\\Desktop\\Alex\\diplomado\\proyecto\\backend-proyecto\\public\\index.php')
CRITICAL - 2024-06-13 22:09:30 --> TypeError: str_contains(): Argument #1 ($haystack) must be of type string, array given
[Method: POST, Route: api/v1/auth]
in SYSTEMPATH\Router\Router.php on line 482.
 1 SYSTEMPATH\Router\Router.php(482): str_contains([...], '::')
 2 SYSTEMPATH\Router\Router.php(209): CodeIgniter\Router\Router->checkRoutes('api/v1/auth')
 3 SYSTEMPATH\CodeIgniter.php(834): CodeIgniter\Router\Router->handle('api/v1/auth')
 4 SYSTEMPATH\CodeIgniter.php(457): CodeIgniter\CodeIgniter->tryToRouteIt(Object(CodeIgniter\Router\RouteCollection))
 5 SYSTEMPATH\CodeIgniter.php(355): CodeIgniter\CodeIgniter->handleRequest(null, Object(Config\Cache), false)
 6 SYSTEMPATH\Boot.php(312): CodeIgniter\CodeIgniter->run()
 7 SYSTEMPATH\Boot.php(67): CodeIgniter\Boot::runCodeIgniter(Object(CodeIgniter\CodeIgniter))
 8 FCPATH\index.php(56): CodeIgniter\Boot::bootWeb(Object(Config\Paths))
 9 SYSTEMPATH\Commands\Server\rewrite.php(49): require_once('C:\\Users\\Indatech\\Desktop\\Alex\\diplomado\\proyecto\\backend-proyecto\\public\\index.php')
CRITICAL - 2024-06-13 22:10:23 --> TypeError: str_contains(): Argument #1 ($haystack) must be of type string, array given
[Method: GET, Route: api/v1/auth]
in SYSTEMPATH\Router\Router.php on line 482.
 1 SYSTEMPATH\Router\Router.php(482): str_contains([...], '::')
 2 SYSTEMPATH\Router\Router.php(209): CodeIgniter\Router\Router->checkRoutes('api/v1/auth')
 3 SYSTEMPATH\CodeIgniter.php(834): CodeIgniter\Router\Router->handle('api/v1/auth')
 4 SYSTEMPATH\CodeIgniter.php(457): CodeIgniter\CodeIgniter->tryToRouteIt(Object(CodeIgniter\Router\RouteCollection))
 5 SYSTEMPATH\CodeIgniter.php(355): CodeIgniter\CodeIgniter->handleRequest(null, Object(Config\Cache), false)
 6 SYSTEMPATH\Boot.php(312): CodeIgniter\CodeIgniter->run()
 7 SYSTEMPATH\Boot.php(67): CodeIgniter\Boot::runCodeIgniter(Object(CodeIgniter\CodeIgniter))
 8 FCPATH\index.php(56): CodeIgniter\Boot::bootWeb(Object(Config\Paths))
 9 SYSTEMPATH\Commands\Server\rewrite.php(49): require_once('C:\\Users\\Indatech\\Desktop\\Alex\\diplomado\\proyecto\\backend-proyecto\\public\\index.php')
CRITICAL - 2024-06-13 22:10:24 --> TypeError: str_contains(): Argument #1 ($haystack) must be of type string, array given
[Method: GET, Route: api/v1/auth]
in SYSTEMPATH\Router\Router.php on line 482.
 1 SYSTEMPATH\Router\Router.php(482): str_contains([...], '::')
 2 SYSTEMPATH\Router\Router.php(209): CodeIgniter\Router\Router->checkRoutes('api/v1/auth')
 3 SYSTEMPATH\CodeIgniter.php(834): CodeIgniter\Router\Router->handle('api/v1/auth')
 4 SYSTEMPATH\CodeIgniter.php(457): CodeIgniter\CodeIgniter->tryToRouteIt(Object(CodeIgniter\Router\RouteCollection))
 5 SYSTEMPATH\CodeIgniter.php(355): CodeIgniter\CodeIgniter->handleRequest(null, Object(Config\Cache), false)
 6 SYSTEMPATH\Boot.php(312): CodeIgniter\CodeIgniter->run()
 7 SYSTEMPATH\Boot.php(67): CodeIgniter\Boot::runCodeIgniter(Object(CodeIgniter\CodeIgniter))
 8 FCPATH\index.php(56): CodeIgniter\Boot::bootWeb(Object(Config\Paths))
 9 SYSTEMPATH\Commands\Server\rewrite.php(49): require_once('C:\\Users\\Indatech\\Desktop\\Alex\\diplomado\\proyecto\\backend-proyecto\\public\\index.php')
