ERROR - 2024-06-15 00:14:29 --> ErrorException: pg_query(): Query failed: ERROR:  no existe la tabla «roles_capabilities» in C:\xampp\htdocs\backend-proyecto\system\Database\Postgre\Connection.php:193
Stack trace:
#0 [internal function]: CodeIgniter\Debug\Exceptions->errorHandler(2, 'pg_query(): Que...', 'C:\\xampp\\htdocs...', 193)
#1 C:\xampp\htdocs\backend-proyecto\system\Database\Postgre\Connection.php(193): pg_query(Object(PgSql\Connection), 'DROP TABLE "rol...')
#2 C:\xampp\htdocs\backend-proyecto\system\Database\BaseConnection.php(722): CodeIgniter\Database\Postgre\Connection->execute('DROP TABLE "rol...')
#3 C:\xampp\htdocs\backend-proyecto\system\Database\BaseConnection.php(636): CodeIgniter\Database\BaseConnection->simpleQuery('DROP TABLE "rol...')
#4 C:\xampp\htdocs\backend-proyecto\system\Database\Forge.php(663): CodeIgniter\Database\BaseConnection->query('DROP TABLE "rol...')
#5 C:\xampp\htdocs\backend-proyecto\app\Database\Migrations\2024-06-08-000010_AddRoleCapabilities.php(25): CodeIgniter\Database\Forge->dropTable('roles_capabilit...')
#6 C:\xampp\htdocs\backend-proyecto\system\Database\MigrationRunner.php(867): App\Database\Migrations\AddRoleCapabilities->down()
#7 C:\xampp\htdocs\backend-proyecto\system\Database\MigrationRunner.php(290): CodeIgniter\Database\MigrationRunner->migrate('down', Object(stdClass))
#8 C:\xampp\htdocs\backend-proyecto\system\Commands\Database\MigrateRollback.php(87): CodeIgniter\Database\MigrationRunner->regress(0)
#9 C:\xampp\htdocs\backend-proyecto\system\CLI\Commands.php(70): CodeIgniter\Commands\Database\MigrateRollback->run(Array)
#10 C:\xampp\htdocs\backend-proyecto\system\CLI\BaseCommand.php(119): CodeIgniter\CLI\Commands->run('migrate:rollbac...', Array)
#11 C:\xampp\htdocs\backend-proyecto\system\Commands\Database\MigrateRefresh.php(86): CodeIgniter\CLI\BaseCommand->call('migrate:rollbac...', Array)
#12 C:\xampp\htdocs\backend-proyecto\system\CLI\Commands.php(70): CodeIgniter\Commands\Database\MigrateRefresh->run(Array)
#13 C:\xampp\htdocs\backend-proyecto\system\CLI\Console.php(48): CodeIgniter\CLI\Commands->run('migrate:refresh', Array)
#14 C:\xampp\htdocs\backend-proyecto\system\Boot.php(338): CodeIgniter\CLI\Console->run()
#15 C:\xampp\htdocs\backend-proyecto\system\Boot.php(104): CodeIgniter\Boot::runCommand(Object(CodeIgniter\CLI\Console))
#16 C:\xampp\htdocs\backend-proyecto\spark(84): CodeIgniter\Boot::bootSpark(Object(Config\Paths))
#17 {main}
CRITICAL - 2024-06-15 01:38:33 --> ErrorException: Undefined property: stdClass::$middle_name
[Method: POST, Route: api/v1/users]
in APPPATH\Controllers\Api\V1\Users.php on line 22.
 1 APPPATH\Controllers\Api\V1\Users.php(22): CodeIgniter\Debug\Exceptions->errorHandler(2, 'Undefined property: stdClass::$middle_name', 'C:\\xampp\\htdocs\\backend-proyecto\\app\\Controllers\\Api\\V1\\Users.php', 22)
 2 SYSTEMPATH\CodeIgniter.php(933): App\Controllers\Api\V1\Users->create()
 3 SYSTEMPATH\CodeIgniter.php(509): CodeIgniter\CodeIgniter->runController(Object(App\Controllers\Api\V1\Users))
 4 SYSTEMPATH\CodeIgniter.php(355): CodeIgniter\CodeIgniter->handleRequest(null, Object(Config\Cache), false)
 5 SYSTEMPATH\Boot.php(312): CodeIgniter\CodeIgniter->run()
 6 SYSTEMPATH\Boot.php(67): CodeIgniter\Boot::runCodeIgniter(Object(CodeIgniter\CodeIgniter))
 7 FCPATH\index.php(56): CodeIgniter\Boot::bootWeb(Object(Config\Paths))
CRITICAL - 2024-06-15 03:44:58 --> ErrorException: Attempt to read property "username" on null
[Method: POST, Route: api/v1/users]
in APPPATH\Controllers\Api\V1\Users.php on line 20.
 1 APPPATH\Controllers\Api\V1\Users.php(20): CodeIgniter\Debug\Exceptions->errorHandler(2, 'Attempt to read property "username" on null', 'C:\\xampp\\htdocs\\backend-proyecto\\app\\Controllers\\Api\\V1\\Users.php', 20)
 2 SYSTEMPATH\CodeIgniter.php(933): App\Controllers\Api\V1\Users->create()
 3 SYSTEMPATH\CodeIgniter.php(509): CodeIgniter\CodeIgniter->runController(Object(App\Controllers\Api\V1\Users))
 4 SYSTEMPATH\CodeIgniter.php(355): CodeIgniter\CodeIgniter->handleRequest(null, Object(Config\Cache), false)
 5 SYSTEMPATH\Boot.php(312): CodeIgniter\CodeIgniter->run()
 6 SYSTEMPATH\Boot.php(67): CodeIgniter\Boot::runCodeIgniter(Object(CodeIgniter\CodeIgniter))
 7 FCPATH\index.php(56): CodeIgniter\Boot::bootWeb(Object(Config\Paths))
CRITICAL - 2024-06-15 03:45:05 --> ErrorException: Attempt to read property "username" on null
[Method: POST, Route: api/v1/users]
in APPPATH\Controllers\Api\V1\Users.php on line 20.
 1 APPPATH\Controllers\Api\V1\Users.php(20): CodeIgniter\Debug\Exceptions->errorHandler(2, 'Attempt to read property "username" on null', 'C:\\xampp\\htdocs\\backend-proyecto\\app\\Controllers\\Api\\V1\\Users.php', 20)
 2 SYSTEMPATH\CodeIgniter.php(933): App\Controllers\Api\V1\Users->create()
 3 SYSTEMPATH\CodeIgniter.php(509): CodeIgniter\CodeIgniter->runController(Object(App\Controllers\Api\V1\Users))
 4 SYSTEMPATH\CodeIgniter.php(355): CodeIgniter\CodeIgniter->handleRequest(null, Object(Config\Cache), false)
 5 SYSTEMPATH\Boot.php(312): CodeIgniter\CodeIgniter->run()
 6 SYSTEMPATH\Boot.php(67): CodeIgniter\Boot::runCodeIgniter(Object(CodeIgniter\CodeIgniter))
 7 FCPATH\index.php(56): CodeIgniter\Boot::bootWeb(Object(Config\Paths))
CRITICAL - 2024-06-15 03:45:05 --> ErrorException: Attempt to read property "username" on null
[Method: POST, Route: api/v1/users]
in APPPATH\Controllers\Api\V1\Users.php on line 20.
 1 APPPATH\Controllers\Api\V1\Users.php(20): CodeIgniter\Debug\Exceptions->errorHandler(2, 'Attempt to read property "username" on null', 'C:\\xampp\\htdocs\\backend-proyecto\\app\\Controllers\\Api\\V1\\Users.php', 20)
 2 SYSTEMPATH\CodeIgniter.php(933): App\Controllers\Api\V1\Users->create()
 3 SYSTEMPATH\CodeIgniter.php(509): CodeIgniter\CodeIgniter->runController(Object(App\Controllers\Api\V1\Users))
 4 SYSTEMPATH\CodeIgniter.php(355): CodeIgniter\CodeIgniter->handleRequest(null, Object(Config\Cache), false)
 5 SYSTEMPATH\Boot.php(312): CodeIgniter\CodeIgniter->run()
 6 SYSTEMPATH\Boot.php(67): CodeIgniter\Boot::runCodeIgniter(Object(CodeIgniter\CodeIgniter))
 7 FCPATH\index.php(56): CodeIgniter\Boot::bootWeb(Object(Config\Paths))
CRITICAL - 2024-06-15 03:45:14 --> ErrorException: Attempt to read property "username" on null
[Method: POST, Route: api/v1/users]
in APPPATH\Controllers\Api\V1\Users.php on line 20.
 1 APPPATH\Controllers\Api\V1\Users.php(20): CodeIgniter\Debug\Exceptions->errorHandler(2, 'Attempt to read property "username" on null', 'C:\\xampp\\htdocs\\backend-proyecto\\app\\Controllers\\Api\\V1\\Users.php', 20)
 2 SYSTEMPATH\CodeIgniter.php(933): App\Controllers\Api\V1\Users->create()
 3 SYSTEMPATH\CodeIgniter.php(509): CodeIgniter\CodeIgniter->runController(Object(App\Controllers\Api\V1\Users))
 4 SYSTEMPATH\CodeIgniter.php(355): CodeIgniter\CodeIgniter->handleRequest(null, Object(Config\Cache), false)
 5 SYSTEMPATH\Boot.php(312): CodeIgniter\CodeIgniter->run()
 6 SYSTEMPATH\Boot.php(67): CodeIgniter\Boot::runCodeIgniter(Object(CodeIgniter\CodeIgniter))
 7 FCPATH\index.php(56): CodeIgniter\Boot::bootWeb(Object(Config\Paths))
CRITICAL - 2024-06-15 03:45:14 --> ErrorException: Attempt to read property "username" on null
[Method: POST, Route: api/v1/users]
in APPPATH\Controllers\Api\V1\Users.php on line 20.
 1 APPPATH\Controllers\Api\V1\Users.php(20): CodeIgniter\Debug\Exceptions->errorHandler(2, 'Attempt to read property "username" on null', 'C:\\xampp\\htdocs\\backend-proyecto\\app\\Controllers\\Api\\V1\\Users.php', 20)
 2 SYSTEMPATH\CodeIgniter.php(933): App\Controllers\Api\V1\Users->create()
 3 SYSTEMPATH\CodeIgniter.php(509): CodeIgniter\CodeIgniter->runController(Object(App\Controllers\Api\V1\Users))
 4 SYSTEMPATH\CodeIgniter.php(355): CodeIgniter\CodeIgniter->handleRequest(null, Object(Config\Cache), false)
 5 SYSTEMPATH\Boot.php(312): CodeIgniter\CodeIgniter->run()
 6 SYSTEMPATH\Boot.php(67): CodeIgniter\Boot::runCodeIgniter(Object(CodeIgniter\CodeIgniter))
 7 FCPATH\index.php(56): CodeIgniter\Boot::bootWeb(Object(Config\Paths))
CRITICAL - 2024-06-15 16:46:56 --> CodeIgniter\Cache\Exceptions\CacheException: Cache unable to write to "/tmp/".
[Method: OPTIONS, Route: api/v1/auth]
in SYSTEMPATH\Cache\Handlers\FileHandler.php on line 68.
 1 SYSTEMPATH\Cache\Handlers\FileHandler.php(68): CodeIgniter\Cache\Exceptions\CacheException::forUnableToWrite('/tmp/')
 2 SYSTEMPATH\Cache\CacheFactory.php(67): CodeIgniter\Cache\Handlers\FileHandler->__construct(Object(Config\Cache))
 3 SYSTEMPATH\Config\Services.php(127): CodeIgniter\Cache\CacheFactory::getHandler(Object(Config\Cache))
 4 SYSTEMPATH\Config\BaseService.php(311): CodeIgniter\Config\Services::cache(Object(Config\Cache), false)
 5 SYSTEMPATH\Config\BaseService.php(250): CodeIgniter\Config\BaseService::__callStatic('cache', [...])
 6 SYSTEMPATH\Config\Services.php(122): CodeIgniter\Config\BaseService::getSharedInstance('cache', null)
 7 SYSTEMPATH\Config\BaseService.php(320): CodeIgniter\Config\Services::cache()
 8 SYSTEMPATH\Config\BaseService.php(201): CodeIgniter\Config\BaseService::__callStatic('cache', [])
 9 SYSTEMPATH\Config\Services.php(452): CodeIgniter\Config\BaseService::get('cache')
10 SYSTEMPATH\Config\BaseService.php(311): CodeIgniter\Config\Services::responsecache(Object(Config\Cache), null, false)
11 SYSTEMPATH\Config\BaseService.php(250): CodeIgniter\Config\BaseService::__callStatic('responsecache', [...])
12 SYSTEMPATH\Config\Services.php(448): CodeIgniter\Config\BaseService::getSharedInstance('responsecache', null, null)
13 SYSTEMPATH\Config\BaseService.php(320): CodeIgniter\Config\Services::responsecache()
14 SYSTEMPATH\CodeIgniter.php(179): CodeIgniter\Config\BaseService::__callStatic('responsecache', [])
15 SYSTEMPATH\Config\Services.php(162): CodeIgniter\CodeIgniter->__construct(Object(Config\App))
16 SYSTEMPATH\Config\BaseService.php(320): CodeIgniter\Config\Services::codeigniter(Object(Config\App), false)
17 SYSTEMPATH\Config\BaseService.php(250): CodeIgniter\Config\BaseService::__callStatic('codeigniter', [...])
18 SYSTEMPATH\Config\Services.php(157): CodeIgniter\Config\BaseService::getSharedInstance('codeigniter', null)
19 SYSTEMPATH\Boot.php(298): CodeIgniter\Config\Services::codeigniter()
20 SYSTEMPATH\Boot.php(66): CodeIgniter\Boot::initializeCodeIgniter()
21 FCPATH\index.php(56): CodeIgniter\Boot::bootWeb(Object(Config\Paths))
CRITICAL - 2024-06-15 16:47:06 --> CodeIgniter\Cache\Exceptions\CacheException: Cache unable to write to "/tmp/".
[Method: OPTIONS, Route: api/v1/auth]
in SYSTEMPATH\Cache\Handlers\FileHandler.php on line 68.
 1 SYSTEMPATH\Cache\Handlers\FileHandler.php(68): CodeIgniter\Cache\Exceptions\CacheException::forUnableToWrite('/tmp/')
 2 SYSTEMPATH\Cache\CacheFactory.php(67): CodeIgniter\Cache\Handlers\FileHandler->__construct(Object(Config\Cache))
 3 SYSTEMPATH\Config\Services.php(127): CodeIgniter\Cache\CacheFactory::getHandler(Object(Config\Cache))
 4 SYSTEMPATH\Config\BaseService.php(311): CodeIgniter\Config\Services::cache(Object(Config\Cache), false)
 5 SYSTEMPATH\Config\BaseService.php(250): CodeIgniter\Config\BaseService::__callStatic('cache', [...])
 6 SYSTEMPATH\Config\Services.php(122): CodeIgniter\Config\BaseService::getSharedInstance('cache', null)
 7 SYSTEMPATH\Config\BaseService.php(320): CodeIgniter\Config\Services::cache()
 8 SYSTEMPATH\Config\BaseService.php(201): CodeIgniter\Config\BaseService::__callStatic('cache', [])
 9 SYSTEMPATH\Config\Services.php(452): CodeIgniter\Config\BaseService::get('cache')
10 SYSTEMPATH\Config\BaseService.php(311): CodeIgniter\Config\Services::responsecache(Object(Config\Cache), null, false)
11 SYSTEMPATH\Config\BaseService.php(250): CodeIgniter\Config\BaseService::__callStatic('responsecache', [...])
12 SYSTEMPATH\Config\Services.php(448): CodeIgniter\Config\BaseService::getSharedInstance('responsecache', null, null)
13 SYSTEMPATH\Config\BaseService.php(320): CodeIgniter\Config\Services::responsecache()
14 SYSTEMPATH\CodeIgniter.php(179): CodeIgniter\Config\BaseService::__callStatic('responsecache', [])
15 SYSTEMPATH\Config\Services.php(162): CodeIgniter\CodeIgniter->__construct(Object(Config\App))
16 SYSTEMPATH\Config\BaseService.php(320): CodeIgniter\Config\Services::codeigniter(Object(Config\App), false)
17 SYSTEMPATH\Config\BaseService.php(250): CodeIgniter\Config\BaseService::__callStatic('codeigniter', [...])
18 SYSTEMPATH\Config\Services.php(157): CodeIgniter\Config\BaseService::getSharedInstance('codeigniter', null)
19 SYSTEMPATH\Boot.php(298): CodeIgniter\Config\Services::codeigniter()
20 SYSTEMPATH\Boot.php(66): CodeIgniter\Boot::initializeCodeIgniter()
21 FCPATH\index.php(56): CodeIgniter\Boot::bootWeb(Object(Config\Paths))
CRITICAL - 2024-06-15 16:47:08 --> CodeIgniter\Cache\Exceptions\CacheException: Cache unable to write to "/tmp/".
[Method: OPTIONS, Route: api/v1/auth]
in SYSTEMPATH\Cache\Handlers\FileHandler.php on line 68.
 1 SYSTEMPATH\Cache\Handlers\FileHandler.php(68): CodeIgniter\Cache\Exceptions\CacheException::forUnableToWrite('/tmp/')
 2 SYSTEMPATH\Cache\CacheFactory.php(67): CodeIgniter\Cache\Handlers\FileHandler->__construct(Object(Config\Cache))
 3 SYSTEMPATH\Config\Services.php(127): CodeIgniter\Cache\CacheFactory::getHandler(Object(Config\Cache))
 4 SYSTEMPATH\Config\BaseService.php(311): CodeIgniter\Config\Services::cache(Object(Config\Cache), false)
 5 SYSTEMPATH\Config\BaseService.php(250): CodeIgniter\Config\BaseService::__callStatic('cache', [...])
 6 SYSTEMPATH\Config\Services.php(122): CodeIgniter\Config\BaseService::getSharedInstance('cache', null)
 7 SYSTEMPATH\Config\BaseService.php(320): CodeIgniter\Config\Services::cache()
 8 SYSTEMPATH\Config\BaseService.php(201): CodeIgniter\Config\BaseService::__callStatic('cache', [])
 9 SYSTEMPATH\Config\Services.php(452): CodeIgniter\Config\BaseService::get('cache')
10 SYSTEMPATH\Config\BaseService.php(311): CodeIgniter\Config\Services::responsecache(Object(Config\Cache), null, false)
11 SYSTEMPATH\Config\BaseService.php(250): CodeIgniter\Config\BaseService::__callStatic('responsecache', [...])
12 SYSTEMPATH\Config\Services.php(448): CodeIgniter\Config\BaseService::getSharedInstance('responsecache', null, null)
13 SYSTEMPATH\Config\BaseService.php(320): CodeIgniter\Config\Services::responsecache()
14 SYSTEMPATH\CodeIgniter.php(179): CodeIgniter\Config\BaseService::__callStatic('responsecache', [])
15 SYSTEMPATH\Config\Services.php(162): CodeIgniter\CodeIgniter->__construct(Object(Config\App))
16 SYSTEMPATH\Config\BaseService.php(320): CodeIgniter\Config\Services::codeigniter(Object(Config\App), false)
17 SYSTEMPATH\Config\BaseService.php(250): CodeIgniter\Config\BaseService::__callStatic('codeigniter', [...])
18 SYSTEMPATH\Config\Services.php(157): CodeIgniter\Config\BaseService::getSharedInstance('codeigniter', null)
19 SYSTEMPATH\Boot.php(298): CodeIgniter\Config\Services::codeigniter()
20 SYSTEMPATH\Boot.php(66): CodeIgniter\Boot::initializeCodeIgniter()
21 FCPATH\index.php(56): CodeIgniter\Boot::bootWeb(Object(Config\Paths))
CRITICAL - 2024-06-15 16:47:08 --> CodeIgniter\Cache\Exceptions\CacheException: Cache unable to write to "/tmp/".
[Method: OPTIONS, Route: api/v1/auth]
in SYSTEMPATH\Cache\Handlers\FileHandler.php on line 68.
 1 SYSTEMPATH\Cache\Handlers\FileHandler.php(68): CodeIgniter\Cache\Exceptions\CacheException::forUnableToWrite('/tmp/')
 2 SYSTEMPATH\Cache\CacheFactory.php(67): CodeIgniter\Cache\Handlers\FileHandler->__construct(Object(Config\Cache))
 3 SYSTEMPATH\Config\Services.php(127): CodeIgniter\Cache\CacheFactory::getHandler(Object(Config\Cache))
 4 SYSTEMPATH\Config\BaseService.php(311): CodeIgniter\Config\Services::cache(Object(Config\Cache), false)
 5 SYSTEMPATH\Config\BaseService.php(250): CodeIgniter\Config\BaseService::__callStatic('cache', [...])
 6 SYSTEMPATH\Config\Services.php(122): CodeIgniter\Config\BaseService::getSharedInstance('cache', null)
 7 SYSTEMPATH\Config\BaseService.php(320): CodeIgniter\Config\Services::cache()
 8 SYSTEMPATH\Config\BaseService.php(201): CodeIgniter\Config\BaseService::__callStatic('cache', [])
 9 SYSTEMPATH\Config\Services.php(452): CodeIgniter\Config\BaseService::get('cache')
10 SYSTEMPATH\Config\BaseService.php(311): CodeIgniter\Config\Services::responsecache(Object(Config\Cache), null, false)
11 SYSTEMPATH\Config\BaseService.php(250): CodeIgniter\Config\BaseService::__callStatic('responsecache', [...])
12 SYSTEMPATH\Config\Services.php(448): CodeIgniter\Config\BaseService::getSharedInstance('responsecache', null, null)
13 SYSTEMPATH\Config\BaseService.php(320): CodeIgniter\Config\Services::responsecache()
14 SYSTEMPATH\CodeIgniter.php(179): CodeIgniter\Config\BaseService::__callStatic('responsecache', [])
15 SYSTEMPATH\Config\Services.php(162): CodeIgniter\CodeIgniter->__construct(Object(Config\App))
16 SYSTEMPATH\Config\BaseService.php(320): CodeIgniter\Config\Services::codeigniter(Object(Config\App), false)
17 SYSTEMPATH\Config\BaseService.php(250): CodeIgniter\Config\BaseService::__callStatic('codeigniter', [...])
18 SYSTEMPATH\Config\Services.php(157): CodeIgniter\Config\BaseService::getSharedInstance('codeigniter', null)
19 SYSTEMPATH\Boot.php(298): CodeIgniter\Config\Services::codeigniter()
20 SYSTEMPATH\Boot.php(66): CodeIgniter\Boot::initializeCodeIgniter()
21 FCPATH\index.php(56): CodeIgniter\Boot::bootWeb(Object(Config\Paths))
CRITICAL - 2024-06-15 16:47:53 --> CodeIgniter\Cache\Exceptions\CacheException: Cache unable to write to "/tmp/".
[Method: GET, Route: api/v1]
in SYSTEMPATH\Cache\Handlers\FileHandler.php on line 68.
 1 SYSTEMPATH\Cache\Handlers\FileHandler.php(68): CodeIgniter\Cache\Exceptions\CacheException::forUnableToWrite('/tmp/')
 2 SYSTEMPATH\Cache\CacheFactory.php(67): CodeIgniter\Cache\Handlers\FileHandler->__construct(Object(Config\Cache))
 3 SYSTEMPATH\Config\Services.php(127): CodeIgniter\Cache\CacheFactory::getHandler(Object(Config\Cache))
 4 SYSTEMPATH\Config\BaseService.php(311): CodeIgniter\Config\Services::cache(Object(Config\Cache), false)
 5 SYSTEMPATH\Config\BaseService.php(250): CodeIgniter\Config\BaseService::__callStatic('cache', [...])
 6 SYSTEMPATH\Config\Services.php(122): CodeIgniter\Config\BaseService::getSharedInstance('cache', null)
 7 SYSTEMPATH\Config\BaseService.php(320): CodeIgniter\Config\Services::cache()
 8 SYSTEMPATH\Config\BaseService.php(201): CodeIgniter\Config\BaseService::__callStatic('cache', [])
 9 SYSTEMPATH\Config\Services.php(452): CodeIgniter\Config\BaseService::get('cache')
10 SYSTEMPATH\Config\BaseService.php(311): CodeIgniter\Config\Services::responsecache(Object(Config\Cache), null, false)
11 SYSTEMPATH\Config\BaseService.php(250): CodeIgniter\Config\BaseService::__callStatic('responsecache', [...])
12 SYSTEMPATH\Config\Services.php(448): CodeIgniter\Config\BaseService::getSharedInstance('responsecache', null, null)
13 SYSTEMPATH\Config\BaseService.php(320): CodeIgniter\Config\Services::responsecache()
14 SYSTEMPATH\CodeIgniter.php(179): CodeIgniter\Config\BaseService::__callStatic('responsecache', [])
15 SYSTEMPATH\Config\Services.php(162): CodeIgniter\CodeIgniter->__construct(Object(Config\App))
16 SYSTEMPATH\Config\BaseService.php(320): CodeIgniter\Config\Services::codeigniter(Object(Config\App), false)
17 SYSTEMPATH\Config\BaseService.php(250): CodeIgniter\Config\BaseService::__callStatic('codeigniter', [...])
18 SYSTEMPATH\Config\Services.php(157): CodeIgniter\Config\BaseService::getSharedInstance('codeigniter', null)
19 SYSTEMPATH\Boot.php(298): CodeIgniter\Config\Services::codeigniter()
20 SYSTEMPATH\Boot.php(66): CodeIgniter\Boot::initializeCodeIgniter()
21 FCPATH\index.php(56): CodeIgniter\Boot::bootWeb(Object(Config\Paths))
